Traceback (most recent call last):
  File "/Users/kvarada/miniforge3/envs/jbook/lib/python3.12/site-packages/jupyter_cache/executors/utils.py", line 58, in single_nb_execution
    executenb(
  File "/Users/kvarada/miniforge3/envs/jbook/lib/python3.12/site-packages/nbclient/client.py", line 1314, in execute
    return NotebookClient(nb=nb, resources=resources, km=km, **kwargs).execute()
           ^^^^^^^^^^^^^^^^^^^^^^^^^^^^^^^^^^^^^^^^^^^^^^^^^^^^^^^^^^^^^^^^^^^^^
  File "/Users/kvarada/miniforge3/envs/jbook/lib/python3.12/site-packages/jupyter_core/utils/__init__.py", line 165, in wrapped
    return loop.run_until_complete(inner)
           ^^^^^^^^^^^^^^^^^^^^^^^^^^^^^^
  File "/Users/kvarada/miniforge3/envs/jbook/lib/python3.12/asyncio/base_events.py", line 687, in run_until_complete
    return future.result()
           ^^^^^^^^^^^^^^^
  File "/Users/kvarada/miniforge3/envs/jbook/lib/python3.12/site-packages/nbclient/client.py", line 709, in async_execute
    await self.async_execute_cell(
  File "/Users/kvarada/miniforge3/envs/jbook/lib/python3.12/site-packages/nbclient/client.py", line 1062, in async_execute_cell
    await self._check_raise_for_error(cell, cell_index, exec_reply)
  File "/Users/kvarada/miniforge3/envs/jbook/lib/python3.12/site-packages/nbclient/client.py", line 918, in _check_raise_for_error
    raise CellExecutionError.from_cell_and_msg(cell, exec_reply_content)
nbclient.exceptions.CellExecutionError: An error occurred while executing the following cell:
------------------
import sounddevice as sd
from scipy.io.wavfile import write
import whisper
import numpy as np
import IPython.display as ipd

# Record Audio
def record_audio(filename="output.wav", duration=5, fs=44100):
    print(f"Recording for {duration} seconds...")
    recording = sd.rec(int(duration * fs), samplerate=fs, channels=1, dtype='int32')
    sd.wait()
    write(filename, fs, recording)
    print(f"Saved recording as {filename}")
    return filename

# Transcribe Audio Using Whisper
def transcribe_audio(filename, model_size="base"):
    print("Loading Whisper model...")
    model = whisper.load_model(model_size)
    print("Transcribing...")
    result = model.transcribe(filename)
    print("Transcription:", result["text"])
    return result["text"]
------------------


[0;31m---------------------------------------------------------------------------[0m
[0;31mImportError[0m                               Traceback (most recent call last)
Cell [0;32mIn[2], line 2[0m
[1;32m      1[0m [38;5;28;01mimport[39;00m [38;5;21;01msounddevice[39;00m [38;5;28;01mas[39;00m [38;5;21;01msd[39;00m
[0;32m----> 2[0m [38;5;28;01mfrom[39;00m [38;5;21;01mscipy[39;00m[38;5;21;01m.[39;00m[38;5;21;01mio[39;00m[38;5;21;01m.[39;00m[38;5;21;01mwavfile[39;00m [38;5;28;01mimport[39;00m write
[1;32m      3[0m [38;5;28;01mimport[39;00m [38;5;21;01mwhisper[39;00m
[1;32m      4[0m [38;5;28;01mimport[39;00m [38;5;21;01mnumpy[39;00m [38;5;28;01mas[39;00m [38;5;21;01mnp[39;00m

File [0;32m~/miniforge3/envs/jbook/lib/python3.12/site-packages/scipy/io/__init__.py:97[0m
[1;32m      1[0m [38;5;124;03m"""[39;00m
[1;32m      2[0m [38;5;124;03m==================================[39;00m
[1;32m      3[0m [38;5;124;03mInput and output (:mod:`scipy.io`)[39;00m
[0;32m   (...)[0m
[1;32m     94[0m [38;5;124;03m   ParseArffError[39;00m
[1;32m     95[0m [38;5;124;03m"""[39;00m
[1;32m     96[0m [38;5;66;03m# matfile read and write[39;00m
[0;32m---> 97[0m [38;5;28;01mfrom[39;00m [38;5;21;01m.[39;00m[38;5;21;01mmatlab[39;00m [38;5;28;01mimport[39;00m loadmat, savemat, whosmat
[1;32m     99[0m [38;5;66;03m# netCDF file support[39;00m
[1;32m    100[0m [38;5;28;01mfrom[39;00m [38;5;21;01m.[39;00m[38;5;21;01m_netcdf[39;00m [38;5;28;01mimport[39;00m netcdf_file, netcdf_variable

File [0;32m~/miniforge3/envs/jbook/lib/python3.12/site-packages/scipy/io/matlab/__init__.py:46[0m
[1;32m      1[0m [38;5;124;03m"""[39;00m
[1;32m      2[0m [38;5;124;03mMATLAB® file utilities (:mod:`scipy.io.matlab`)[39;00m
[1;32m      3[0m [38;5;124;03m===============================================[39;00m
[0;32m   (...)[0m
[1;32m     43[0m 
[1;32m     44[0m [38;5;124;03m"""[39;00m
[1;32m     45[0m [38;5;66;03m# Matlab file read and write utilities[39;00m
[0;32m---> 46[0m [38;5;28;01mfrom[39;00m [38;5;21;01m.[39;00m[38;5;21;01m_mio[39;00m [38;5;28;01mimport[39;00m loadmat, savemat, whosmat
[1;32m     47[0m [38;5;28;01mfrom[39;00m [38;5;21;01m.[39;00m[38;5;21;01m_mio5[39;00m [38;5;28;01mimport[39;00m MatlabFunction, varmats_from_mat
[1;32m     48[0m [38;5;28;01mfrom[39;00m [38;5;21;01m.[39;00m[38;5;21;01m_mio5_params[39;00m [38;5;28;01mimport[39;00m MatlabObject, MatlabOpaque, mat_struct

File [0;32m~/miniforge3/envs/jbook/lib/python3.12/site-packages/scipy/io/matlab/_mio.py:9[0m
[1;32m      6[0m [38;5;28;01mfrom[39;00m [38;5;21;01mcontextlib[39;00m [38;5;28;01mimport[39;00m contextmanager
[1;32m      8[0m [38;5;28;01mfrom[39;00m [38;5;21;01m.[39;00m[38;5;21;01m_miobase[39;00m [38;5;28;01mimport[39;00m _get_matfile_version, docfiller
[0;32m----> 9[0m [38;5;28;01mfrom[39;00m [38;5;21;01m.[39;00m[38;5;21;01m_mio4[39;00m [38;5;28;01mimport[39;00m MatFile4Reader, MatFile4Writer
[1;32m     10[0m [38;5;28;01mfrom[39;00m [38;5;21;01m.[39;00m[38;5;21;01m_mio5[39;00m [38;5;28;01mimport[39;00m MatFile5Reader, MatFile5Writer
[1;32m     12[0m __all__ [38;5;241m=[39m [[38;5;124m'[39m[38;5;124mloadmat[39m[38;5;124m'[39m, [38;5;124m'[39m[38;5;124msavemat[39m[38;5;124m'[39m, [38;5;124m'[39m[38;5;124mwhosmat[39m[38;5;124m'[39m]

File [0;32m~/miniforge3/envs/jbook/lib/python3.12/site-packages/scipy/io/matlab/_mio4.py:10[0m
[1;32m      6[0m [38;5;28;01mfrom[39;00m [38;5;21;01moperator[39;00m [38;5;28;01mimport[39;00m mul
[1;32m      8[0m [38;5;28;01mimport[39;00m [38;5;21;01mnumpy[39;00m [38;5;28;01mas[39;00m [38;5;21;01mnp[39;00m
[0;32m---> 10[0m [38;5;28;01mimport[39;00m [38;5;21;01mscipy[39;00m[38;5;21;01m.[39;00m[38;5;21;01msparse[39;00m
[1;32m     12[0m [38;5;28;01mfrom[39;00m [38;5;21;01m.[39;00m[38;5;21;01m_miobase[39;00m [38;5;28;01mimport[39;00m (MatFileReader, docfiller, matdims, read_dtype,
[1;32m     13[0m                       convert_dtypes, arr_to_chars, arr_dtype_number)
[1;32m     15[0m [38;5;28;01mfrom[39;00m [38;5;21;01m.[39;00m[38;5;21;01m_mio_utils[39;00m [38;5;28;01mimport[39;00m squeeze_element, chars_to_strings

File [0;32m~/miniforge3/envs/jbook/lib/python3.12/site-packages/scipy/sparse/__init__.py:315[0m
[1;32m    312[0m [38;5;28;01mfrom[39;00m [38;5;21;01m.[39;00m[38;5;21;01m_sputils[39;00m [38;5;28;01mimport[39;00m get_index_dtype, safely_cast_index_arrays
[1;32m    314[0m [38;5;66;03m# For backward compatibility with v0.19.[39;00m
[0;32m--> 315[0m [38;5;28;01mfrom[39;00m [38;5;21;01m.[39;00m [38;5;28;01mimport[39;00m csgraph
[1;32m    317[0m [38;5;66;03m# Deprecated namespaces, to be removed in v2.0.0[39;00m
[1;32m    318[0m [38;5;28;01mfrom[39;00m [38;5;21;01m.[39;00m [38;5;28;01mimport[39;00m (
[1;32m    319[0m     base, bsr, compressed, construct, coo, csc, csr, data, dia, dok, extract,
[1;32m    320[0m     lil, sparsetools, sputils
[1;32m    321[0m )

File [0;32m~/miniforge3/envs/jbook/lib/python3.12/site-packages/scipy/sparse/csgraph/__init__.py:187[0m
[1;32m    158[0m __docformat__ [38;5;241m=[39m [38;5;124m"[39m[38;5;124mrestructuredtext en[39m[38;5;124m"[39m
[1;32m    160[0m __all__ [38;5;241m=[39m [[38;5;124m'[39m[38;5;124mconnected_components[39m[38;5;124m'[39m,
[1;32m    161[0m            [38;5;124m'[39m[38;5;124mlaplacian[39m[38;5;124m'[39m,
[1;32m    162[0m            [38;5;124m'[39m[38;5;124mshortest_path[39m[38;5;124m'[39m,
[0;32m   (...)[0m
[1;32m    184[0m            [38;5;124m'[39m[38;5;124mcsgraph_to_masked[39m[38;5;124m'[39m,
[1;32m    185[0m            [38;5;124m'[39m[38;5;124mNegativeCycleError[39m[38;5;124m'[39m]
[0;32m--> 187[0m [38;5;28;01mfrom[39;00m [38;5;21;01m.[39;00m[38;5;21;01m_laplacian[39;00m [38;5;28;01mimport[39;00m laplacian
[1;32m    188[0m [38;5;28;01mfrom[39;00m [38;5;21;01m.[39;00m[38;5;21;01m_shortest_path[39;00m [38;5;28;01mimport[39;00m (
[1;32m    189[0m     shortest_path, floyd_warshall, dijkstra, bellman_ford, johnson, yen,
[1;32m    190[0m     NegativeCycleError
[1;32m    191[0m )
[1;32m    192[0m [38;5;28;01mfrom[39;00m [38;5;21;01m.[39;00m[38;5;21;01m_traversal[39;00m [38;5;28;01mimport[39;00m (
[1;32m    193[0m     breadth_first_order, depth_first_order, breadth_first_tree,
[1;32m    194[0m     depth_first_tree, connected_components
[1;32m    195[0m )

File [0;32m~/miniforge3/envs/jbook/lib/python3.12/site-packages/scipy/sparse/csgraph/_laplacian.py:7[0m
[1;32m      5[0m [38;5;28;01mimport[39;00m [38;5;21;01mnumpy[39;00m [38;5;28;01mas[39;00m [38;5;21;01mnp[39;00m
[1;32m      6[0m [38;5;28;01mfrom[39;00m [38;5;21;01mscipy[39;00m[38;5;21;01m.[39;00m[38;5;21;01msparse[39;00m [38;5;28;01mimport[39;00m issparse
[0;32m----> 7[0m [38;5;28;01mfrom[39;00m [38;5;21;01mscipy[39;00m[38;5;21;01m.[39;00m[38;5;21;01msparse[39;00m[38;5;21;01m.[39;00m[38;5;21;01mlinalg[39;00m [38;5;28;01mimport[39;00m LinearOperator
[1;32m      8[0m [38;5;28;01mfrom[39;00m [38;5;21;01mscipy[39;00m[38;5;21;01m.[39;00m[38;5;21;01msparse[39;00m[38;5;21;01m.[39;00m[38;5;21;01m_sputils[39;00m [38;5;28;01mimport[39;00m convert_pydata_sparse_to_scipy, is_pydata_spmatrix
[1;32m     11[0m [38;5;66;03m###############################################################################[39;00m
[1;32m     12[0m [38;5;66;03m# Graph laplacian[39;00m

File [0;32m~/miniforge3/envs/jbook/lib/python3.12/site-packages/scipy/sparse/linalg/__init__.py:129[0m
[1;32m      1[0m [38;5;124;03m"""[39;00m
[1;32m      2[0m [38;5;124;03mSparse linear algebra (:mod:`scipy.sparse.linalg`)[39;00m
[1;32m      3[0m [38;5;124;03m==================================================[39;00m
[0;32m   (...)[0m
[1;32m    126[0m 
[1;32m    127[0m [38;5;124;03m"""[39;00m
[0;32m--> 129[0m [38;5;28;01mfrom[39;00m [38;5;21;01m.[39;00m[38;5;21;01m_isolve[39;00m [38;5;28;01mimport[39;00m [38;5;241m*[39m
[1;32m    130[0m [38;5;28;01mfrom[39;00m [38;5;21;01m.[39;00m[38;5;21;01m_dsolve[39;00m [38;5;28;01mimport[39;00m [38;5;241m*[39m
[1;32m    131[0m [38;5;28;01mfrom[39;00m [38;5;21;01m.[39;00m[38;5;21;01m_interface[39;00m [38;5;28;01mimport[39;00m [38;5;241m*[39m

File [0;32m~/miniforge3/envs/jbook/lib/python3.12/site-packages/scipy/sparse/linalg/_isolve/__init__.py:4[0m
[1;32m      1[0m [38;5;124m"[39m[38;5;124mIterative Solvers for Sparse Linear Systems[39m[38;5;124m"[39m
[1;32m      3[0m [38;5;66;03m#from info import __doc__[39;00m
[0;32m----> 4[0m [38;5;28;01mfrom[39;00m [38;5;21;01m.[39;00m[38;5;21;01miterative[39;00m [38;5;28;01mimport[39;00m [38;5;241m*[39m
[1;32m      5[0m [38;5;28;01mfrom[39;00m [38;5;21;01m.[39;00m[38;5;21;01mminres[39;00m [38;5;28;01mimport[39;00m minres
[1;32m      6[0m [38;5;28;01mfrom[39;00m [38;5;21;01m.[39;00m[38;5;21;01mlgmres[39;00m [38;5;28;01mimport[39;00m lgmres

File [0;32m~/miniforge3/envs/jbook/lib/python3.12/site-packages/scipy/sparse/linalg/_isolve/iterative.py:5[0m
[1;32m      3[0m [38;5;28;01mfrom[39;00m [38;5;21;01mscipy[39;00m[38;5;21;01m.[39;00m[38;5;21;01msparse[39;00m[38;5;21;01m.[39;00m[38;5;21;01mlinalg[39;00m[38;5;21;01m.[39;00m[38;5;21;01m_interface[39;00m [38;5;28;01mimport[39;00m LinearOperator
[1;32m      4[0m [38;5;28;01mfrom[39;00m [38;5;21;01m.[39;00m[38;5;21;01mutils[39;00m [38;5;28;01mimport[39;00m make_system
[0;32m----> 5[0m [38;5;28;01mfrom[39;00m [38;5;21;01mscipy[39;00m[38;5;21;01m.[39;00m[38;5;21;01mlinalg[39;00m [38;5;28;01mimport[39;00m get_lapack_funcs
[1;32m      7[0m __all__ [38;5;241m=[39m [[38;5;124m'[39m[38;5;124mbicg[39m[38;5;124m'[39m, [38;5;124m'[39m[38;5;124mbicgstab[39m[38;5;124m'[39m, [38;5;124m'[39m[38;5;124mcg[39m[38;5;124m'[39m, [38;5;124m'[39m[38;5;124mcgs[39m[38;5;124m'[39m, [38;5;124m'[39m[38;5;124mgmres[39m[38;5;124m'[39m, [38;5;124m'[39m[38;5;124mqmr[39m[38;5;124m'[39m]
[1;32m     10[0m [38;5;28;01mdef[39;00m [38;5;21m_get_atol_rtol[39m(name, b_norm, atol[38;5;241m=[39m[38;5;241m0.[39m, rtol[38;5;241m=[39m[38;5;241m1e-5[39m):

File [0;32m~/miniforge3/envs/jbook/lib/python3.12/site-packages/scipy/linalg/__init__.py:203[0m
[1;32m      1[0m [38;5;124;03m"""[39;00m
[1;32m      2[0m [38;5;124;03m====================================[39;00m
[1;32m      3[0m [38;5;124;03mLinear algebra (:mod:`scipy.linalg`)[39;00m
[0;32m   (...)[0m
[1;32m    200[0m 
[1;32m    201[0m [38;5;124;03m"""[39;00m  [38;5;66;03m# noqa: E501[39;00m
[0;32m--> 203[0m [38;5;28;01mfrom[39;00m [38;5;21;01m.[39;00m[38;5;21;01m_misc[39;00m [38;5;28;01mimport[39;00m [38;5;241m*[39m
[1;32m    204[0m [38;5;28;01mfrom[39;00m [38;5;21;01m.[39;00m[38;5;21;01m_cythonized_array_utils[39;00m [38;5;28;01mimport[39;00m [38;5;241m*[39m
[1;32m    205[0m [38;5;28;01mfrom[39;00m [38;5;21;01m.[39;00m[38;5;21;01m_basic[39;00m [38;5;28;01mimport[39;00m [38;5;241m*[39m

File [0;32m~/miniforge3/envs/jbook/lib/python3.12/site-packages/scipy/linalg/_misc.py:3[0m
[1;32m      1[0m [38;5;28;01mimport[39;00m [38;5;21;01mnumpy[39;00m [38;5;28;01mas[39;00m [38;5;21;01mnp[39;00m
[1;32m      2[0m [38;5;28;01mfrom[39;00m [38;5;21;01mnumpy[39;00m[38;5;21;01m.[39;00m[38;5;21;01mlinalg[39;00m [38;5;28;01mimport[39;00m LinAlgError
[0;32m----> 3[0m [38;5;28;01mfrom[39;00m [38;5;21;01m.[39;00m[38;5;21;01mblas[39;00m [38;5;28;01mimport[39;00m get_blas_funcs
[1;32m      4[0m [38;5;28;01mfrom[39;00m [38;5;21;01m.[39;00m[38;5;21;01mlapack[39;00m [38;5;28;01mimport[39;00m get_lapack_funcs
[1;32m      6[0m __all__ [38;5;241m=[39m [[38;5;124m'[39m[38;5;124mLinAlgError[39m[38;5;124m'[39m, [38;5;124m'[39m[38;5;124mLinAlgWarning[39m[38;5;124m'[39m, [38;5;124m'[39m[38;5;124mnorm[39m[38;5;124m'[39m]

File [0;32m~/miniforge3/envs/jbook/lib/python3.12/site-packages/scipy/linalg/blas.py:213[0m
[1;32m    210[0m [38;5;28;01mimport[39;00m [38;5;21;01mnumpy[39;00m [38;5;28;01mas[39;00m [38;5;21;01mnp[39;00m
[1;32m    211[0m [38;5;28;01mimport[39;00m [38;5;21;01mfunctools[39;00m
[0;32m--> 213[0m [38;5;28;01mfrom[39;00m [38;5;21;01mscipy[39;00m[38;5;21;01m.[39;00m[38;5;21;01mlinalg[39;00m [38;5;28;01mimport[39;00m _fblas
[1;32m    214[0m [38;5;28;01mtry[39;00m:
[1;32m    215[0m     [38;5;28;01mfrom[39;00m [38;5;21;01mscipy[39;00m[38;5;21;01m.[39;00m[38;5;21;01mlinalg[39;00m [38;5;28;01mimport[39;00m _cblas

[0;31mImportError[0m: dlopen(/Users/kvarada/miniforge3/envs/jbook/lib/python3.12/site-packages/scipy/linalg/_fblas.cpython-312-darwin.so, 0x0002): Library not loaded: @rpath/libgfortran.5.dylib
  Referenced from: <0B9C315B-A1DD-3527-88DB-4B90531D343F> /Users/kvarada/miniforge3/envs/jbook/lib/libopenblas.0.dylib
  Reason: tried: '/Users/kvarada/miniforge3/envs/jbook/lib/libgfortran.5.dylib' (duplicate LC_RPATH '@loader_path'), '/Users/kvarada/miniforge3/envs/jbook/lib/libgfortran.5.dylib' (duplicate LC_RPATH '@loader_path'), '/Users/kvarada/miniforge3/envs/jbook/lib/python3.12/site-packages/scipy/linalg/../../../../libgfortran.5.dylib' (duplicate LC_RPATH '@loader_path'), '/Users/kvarada/miniforge3/envs/jbook/lib/python3.12/site-packages/scipy/linalg/../../../../libgfortran.5.dylib' (duplicate LC_RPATH '@loader_path'), '/Users/kvarada/miniforge3/envs/jbook/bin/../lib/libgfortran.5.dylib' (duplicate LC_RPATH '@loader_path'), '/Users/kvarada/miniforge3/envs/jbook/bin/../lib/libgfortran.5.dylib' (duplicate LC_RPATH '@loader_path'), '/usr/local/lib/libgfortran.5.dylib' (no such file), '/usr/lib/libgfortran.5.dylib' (no such file, not in dyld cache)

